{"C:\\Users\\garbe\\projects\\interview\\src\\routes\\tokenizer.routes.js": {"path":"C:\\Users\\garbe\\projects\\interview\\src\\routes\\tokenizer.routes.js","statementMap":{"0":{"start":{"line":6,"column":24},"end":{"line":6,"column":32}},"1":{"start":{"line":8,"column":0},"end":{"line":16,"column":3}},"2":{"start":{"line":9,"column":18},"end":{"line":9,"column":80}},"3":{"start":{"line":11,"column":22},"end":{"line":13,"column":6}},"4":{"start":{"line":15,"column":4},"end":{"line":15,"column":24}},"5":{"start":{"line":18,"column":0},"end":{"line":39,"column":3}},"6":{"start":{"line":19,"column":20},"end":{"line":19,"column":28}},"7":{"start":{"line":21,"column":4},"end":{"line":24,"column":5}},"8":{"start":{"line":22,"column":8},"end":{"line":22,"column":92}},"9":{"start":{"line":23,"column":8},"end":{"line":23,"column":15}},"10":{"start":{"line":26,"column":4},"end":{"line":38,"column":5}},"11":{"start":{"line":27,"column":22},"end":{"line":27,"column":45}},"12":{"start":{"line":28,"column":26},"end":{"line":30,"column":10}},"13":{"start":{"line":32,"column":8},"end":{"line":32,"column":28}},"14":{"start":{"line":34,"column":8},"end":{"line":37,"column":11}}},"fnMap":{"0":{"name":"(anonymous_0)","decl":{"start":{"line":8,"column":39},"end":{"line":8,"column":40}},"loc":{"start":{"line":8,"column":59},"end":{"line":16,"column":1}},"line":8},"1":{"name":"(anonymous_1)","decl":{"start":{"line":18,"column":37},"end":{"line":18,"column":38}},"loc":{"start":{"line":18,"column":57},"end":{"line":39,"column":1}},"line":18}},"branchMap":{"0":{"loc":{"start":{"line":21,"column":4},"end":{"line":24,"column":5}},"type":"if","locations":[{"start":{"line":21,"column":4},"end":{"line":24,"column":5}},{"start":{"line":21,"column":4},"end":{"line":24,"column":5}}],"line":21}},"s":{"0":1,"1":1,"2":2,"3":2,"4":2,"5":1,"6":3,"7":3,"8":1,"9":1,"10":2,"11":2,"12":1,"13":1,"14":1},"f":{"0":2,"1":3},"b":{"0":[1,2]},"_coverageSchema":"1a1c01bbd47fc00a2c39e90264f33305004495a9","hash":"25b69c9d5c6ca8eae96dc0327bb566430f75683f"}
,"C:\\Users\\garbe\\projects\\interview\\src\\tokenizer\\cleaner.js": {"path":"C:\\Users\\garbe\\projects\\interview\\src\\tokenizer\\cleaner.js","statementMap":{"0":{"start":{"line":1,"column":23},"end":{"line":3,"column":1}},"1":{"start":{"line":2,"column":4},"end":{"line":2,"column":92}}},"fnMap":{"0":{"name":"(anonymous_0)","decl":{"start":{"line":1,"column":23},"end":{"line":1,"column":24}},"loc":{"start":{"line":1,"column":33},"end":{"line":3,"column":1}},"line":1}},"branchMap":{},"s":{"0":4,"1":6},"f":{"0":6},"b":{},"_coverageSchema":"1a1c01bbd47fc00a2c39e90264f33305004495a9","hash":"827b4e584e8b8c60658f20d17016f52640361c1e"}
,"C:\\Users\\garbe\\projects\\interview\\src\\tokenizer\\fetch.js": {"path":"C:\\Users\\garbe\\projects\\interview\\src\\tokenizer\\fetch.js","statementMap":{"0":{"start":{"line":3,"column":21},"end":{"line":3,"column":59}},"1":{"start":{"line":3,"column":36},"end":{"line":3,"column":59}}},"fnMap":{"0":{"name":"(anonymous_0)","decl":{"start":{"line":3,"column":21},"end":{"line":3,"column":22}},"loc":{"start":{"line":3,"column":36},"end":{"line":3,"column":59}},"line":3}},"branchMap":{},"s":{"0":1,"1":2},"f":{"0":2},"b":{},"_coverageSchema":"1a1c01bbd47fc00a2c39e90264f33305004495a9","hash":"be380a3f9d3e85c16a6449f842edd44255bf1350"}
,"C:\\Users\\garbe\\projects\\interview\\src\\tokenizer\\index.js": {"path":"C:\\Users\\garbe\\projects\\interview\\src\\tokenizer\\index.js","statementMap":{},"fnMap":{},"branchMap":{},"s":{},"f":{},"b":{},"_coverageSchema":"1a1c01bbd47fc00a2c39e90264f33305004495a9","hash":"5990d4ba112daa0677149f1c92d2a9949c33429a"}
,"C:\\Users\\garbe\\projects\\interview\\src\\tokenizer\\tokenizer.js": {"path":"C:\\Users\\garbe\\projects\\interview\\src\\tokenizer\\tokenizer.js","statementMap":{"0":{"start":{"line":3,"column":31},"end":{"line":3,"column":80}},"1":{"start":{"line":3,"column":45},"end":{"line":3,"column":79}},"2":{"start":{"line":5,"column":25},"end":{"line":32,"column":1}},"3":{"start":{"line":6,"column":4},"end":{"line":8,"column":5}},"4":{"start":{"line":7,"column":8},"end":{"line":7,"column":61}},"5":{"start":{"line":10,"column":4},"end":{"line":14,"column":5}},"6":{"start":{"line":11,"column":8},"end":{"line":13,"column":10}},"7":{"start":{"line":15,"column":30},"end":{"line":15,"column":37}},"8":{"start":{"line":16,"column":22},"end":{"line":16,"column":46}},"9":{"start":{"line":17,"column":21},"end":{"line":17,"column":118}},"10":{"start":{"line":17,"column":57},"end":{"line":17,"column":112}},"11":{"start":{"line":20,"column":4},"end":{"line":20,"column":24}},"12":{"start":{"line":22,"column":4},"end":{"line":24,"column":5}},"13":{"start":{"line":23,"column":8},"end":{"line":23,"column":24}},"14":{"start":{"line":26,"column":20},"end":{"line":29,"column":7}},"15":{"start":{"line":26,"column":57},"end":{"line":29,"column":5}},"16":{"start":{"line":31,"column":4},"end":{"line":31,"column":19}}},"fnMap":{"0":{"name":"(anonymous_0)","decl":{"start":{"line":3,"column":31},"end":{"line":3,"column":32}},"loc":{"start":{"line":3,"column":45},"end":{"line":3,"column":79}},"line":3},"1":{"name":"(anonymous_1)","decl":{"start":{"line":5,"column":25},"end":{"line":5,"column":26}},"loc":{"start":{"line":5,"column":44},"end":{"line":32,"column":1}},"line":5},"2":{"name":"(anonymous_2)","decl":{"start":{"line":17,"column":38},"end":{"line":17,"column":39}},"loc":{"start":{"line":17,"column":57},"end":{"line":17,"column":112}},"line":17},"3":{"name":"(anonymous_3)","decl":{"start":{"line":26,"column":46},"end":{"line":26,"column":47}},"loc":{"start":{"line":26,"column":57},"end":{"line":29,"column":5}},"line":26}},"branchMap":{"0":{"loc":{"start":{"line":3,"column":45},"end":{"line":3,"column":79}},"type":"cond-expr","locations":[{"start":{"line":3,"column":59},"end":{"line":3,"column":67}},{"start":{"line":3,"column":70},"end":{"line":3,"column":79}}],"line":3},"1":{"loc":{"start":{"line":6,"column":4},"end":{"line":8,"column":5}},"type":"if","locations":[{"start":{"line":6,"column":4},"end":{"line":8,"column":5}},{"start":{"line":6,"column":4},"end":{"line":8,"column":5}}],"line":6},"2":{"loc":{"start":{"line":10,"column":4},"end":{"line":14,"column":5}},"type":"if","locations":[{"start":{"line":10,"column":4},"end":{"line":14,"column":5}},{"start":{"line":10,"column":4},"end":{"line":14,"column":5}}],"line":10},"3":{"loc":{"start":{"line":10,"column":8},"end":{"line":10,"column":81}},"type":"binary-expr","locations":[{"start":{"line":10,"column":8},"end":{"line":10,"column":43}},{"start":{"line":10,"column":47},"end":{"line":10,"column":81}}],"line":10},"4":{"loc":{"start":{"line":17,"column":73},"end":{"line":17,"column":90}},"type":"binary-expr","locations":[{"start":{"line":17,"column":73},"end":{"line":17,"column":85}},{"start":{"line":17,"column":89},"end":{"line":17,"column":90}}],"line":17},"5":{"loc":{"start":{"line":22,"column":4},"end":{"line":24,"column":5}},"type":"if","locations":[{"start":{"line":22,"column":4},"end":{"line":24,"column":5}},{"start":{"line":22,"column":4},"end":{"line":24,"column":5}}],"line":22}},"s":{"0":3,"1":5,"2":3,"3":10,"4":2,"5":8,"6":2,"7":6,"8":6,"9":6,"10":2384919,"11":6,"12":6,"13":1,"14":5,"15":38707,"16":5},"f":{"0":5,"1":10,"2":2384919,"3":38707},"b":{"0":[1,4],"1":[2,8],"2":[2,6],"3":[8,3],"4":[2384919,38715],"5":[1,5]},"_coverageSchema":"1a1c01bbd47fc00a2c39e90264f33305004495a9","hash":"003268a2bd40bb0e92d3d9e5366c44b34588e9ef"}
}
