TN:
SF:src\routes\tokenizer.routes.js
FN:8,(anonymous_0)
FN:18,(anonymous_1)
FNF:2
FNH:2
FNDA:2,(anonymous_0)
FNDA:3,(anonymous_1)
DA:6,1
DA:8,1
DA:9,2
DA:11,2
DA:15,2
DA:18,1
DA:19,3
DA:21,3
DA:22,1
DA:23,1
DA:26,2
DA:27,2
DA:28,1
DA:32,1
DA:34,1
LF:15
LH:15
BRDA:21,0,0,1
BRDA:21,0,1,2
BRF:2
BRH:2
end_of_record
TN:
SF:src\tokenizer\cleaner.js
FN:1,(anonymous_0)
FNF:1
FNH:1
FNDA:6,(anonymous_0)
DA:1,4
DA:2,6
LF:2
LH:2
BRF:0
BRH:0
end_of_record
TN:
SF:src\tokenizer\fetch.js
FN:3,(anonymous_0)
FNF:1
FNH:1
FNDA:2,(anonymous_0)
DA:3,2
LF:1
LH:1
BRF:0
BRH:0
end_of_record
TN:
SF:src\tokenizer\index.js
FNF:0
FNH:0
LF:0
LH:0
BRF:0
BRH:0
end_of_record
TN:
SF:src\tokenizer\tokenizer.js
FN:3,(anonymous_0)
FN:5,(anonymous_1)
FN:17,(anonymous_2)
FN:26,(anonymous_3)
FNF:4
FNH:4
FNDA:5,(anonymous_0)
FNDA:10,(anonymous_1)
FNDA:2384919,(anonymous_2)
FNDA:38707,(anonymous_3)
DA:3,5
DA:5,3
DA:6,10
DA:7,2
DA:10,8
DA:11,2
DA:15,6
DA:16,6
DA:17,2384919
DA:20,6
DA:22,6
DA:23,1
DA:26,38707
DA:31,5
LF:14
LH:14
BRDA:3,0,0,1
BRDA:3,0,1,4
BRDA:6,1,0,2
BRDA:6,1,1,8
BRDA:10,2,0,2
BRDA:10,2,1,6
BRDA:10,3,0,8
BRDA:10,3,1,3
BRDA:17,4,0,2384919
BRDA:17,4,1,38715
BRDA:22,5,0,1
BRDA:22,5,1,5
BRF:12
BRH:12
end_of_record
